c:\users\user\documents\github\dx11\game\intermediate\debug\engine.pch
c:\users\user\documents\github\dx11\game\libraries\lib\engine\engine.pdb
c:\users\user\documents\github\dx11\game\libraries\lib\engine\engine.idb
c:\users\user\documents\github\dx11\game\intermediate\debug\pch.obj
c:\users\user\documents\github\dx11\game\intermediate\debug\model.obj
c:\users\user\documents\github\dx11\game\intermediate\debug\meshrenderer.obj
c:\users\user\documents\github\dx11\game\intermediate\debug\mesh.obj
c:\users\user\documents\github\dx11\game\intermediate\debug\material.obj
c:\users\user\documents\github\dx11\game\intermediate\debug\light.obj
c:\users\user\documents\github\dx11\game\intermediate\debug\instancingmanager.obj
c:\users\user\documents\github\dx11\game\intermediate\debug\instancingbuffer.obj
c:\users\user\documents\github\dx11\game\intermediate\debug\inputmanager.obj
c:\users\user\documents\github\dx11\game\intermediate\debug\indexbuffer.obj
c:\users\user\documents\github\dx11\game\intermediate\debug\imguimanager.obj
c:\users\user\documents\github\dx11\game\intermediate\debug\iexecute.obj
c:\users\user\documents\github\dx11\game\intermediate\debug\graphics.obj
c:\users\user\documents\github\dx11\game\intermediate\debug\geometryhelper.obj
c:\users\user\documents\github\dx11\game\intermediate\debug\geometry.obj
c:\users\user\documents\github\dx11\game\intermediate\debug\gameobject.obj
c:\users\user\documents\github\dx11\game\intermediate\debug\game.obj
c:\users\user\documents\github\dx11\game\intermediate\debug\fileutils.obj
c:\users\user\documents\github\dx11\game\intermediate\debug\constantbuffer.obj
c:\users\user\documents\github\dx11\game\intermediate\debug\component.obj
c:\users\user\documents\github\dx11\game\intermediate\debug\camera.obj
c:\users\user\documents\github\dx11\game\intermediate\debug\vertexdata.obj
c:\users\user\documents\github\dx11\game\intermediate\debug\vertexbuffer.obj
c:\users\user\documents\github\dx11\game\intermediate\debug\utils.obj
c:\users\user\documents\github\dx11\game\intermediate\debug\transform.obj
c:\users\user\documents\github\dx11\game\intermediate\debug\timemanager.obj
c:\users\user\documents\github\dx11\game\intermediate\debug\texture.obj
c:\users\user\documents\github\dx11\game\intermediate\debug\technique.obj
c:\users\user\documents\github\dx11\game\intermediate\debug\shader.obj
c:\users\user\documents\github\dx11\game\intermediate\debug\scenemanager.obj
c:\users\user\documents\github\dx11\game\intermediate\debug\scene.obj
c:\users\user\documents\github\dx11\game\intermediate\debug\resourcemanager.obj
c:\users\user\documents\github\dx11\game\intermediate\debug\resourcebase.obj
c:\users\user\documents\github\dx11\game\intermediate\debug\rendermanager.obj
c:\users\user\documents\github\dx11\game\intermediate\debug\rawbuffer.obj
c:\users\user\documents\github\dx11\game\intermediate\debug\pass.obj
c:\users\user\documents\github\dx11\game\intermediate\debug\monobehaviour.obj
c:\users\user\documents\github\dx11\game\intermediate\debug\modelrenderer.obj
c:\users\user\documents\github\dx11\game\intermediate\debug\modelmesh.obj
c:\users\user\documents\github\dx11\game\intermediate\debug\modelanimator.obj
c:\users\user\documents\github\dx11\game\intermediate\debug\modelanimation.obj
c:\users\user\documents\github\dx11\game\libraries\lib\engine\engine.lib
c:\users\user\documents\github\dx11\game\intermediate\debug\camerascript.obj
c:\users\user\documents\github\dx11\game\intermediate\debug\main.obj
c:\users\user\documents\github\dx11\game\intermediate\debug\rawbufferdemo.obj
c:\users\user\documents\github\dx11\game\intermediate\debug\scenedemo.obj
c:\users\user\documents\github\dx11\game\intermediate\debug\client.ilk
c:\users\user\documents\github\dx11\game\intermediate\debug\client.pch
c:\users\user\documents\github\dx11\game\intermediate\debug\vc143.idb
c:\users\user\documents\github\dx11\game\intermediate\debug\vc143.pdb
c:\users\user\documents\github\dx11\game\intermediate\debug\engine.vcxproj.filelistabsolute.txt
c:\users\user\documents\github\dx11\game\intermediate\debug\engine.tlog\cl.command.1.tlog
c:\users\user\documents\github\dx11\game\intermediate\debug\engine.tlog\cl.items.tlog
c:\users\user\documents\github\dx11\game\intermediate\debug\engine.tlog\cl.read.1.tlog
c:\users\user\documents\github\dx11\game\intermediate\debug\engine.tlog\cl.write.1.tlog
c:\users\user\documents\github\dx11\game\intermediate\debug\engine.tlog\lib-link.read.1.tlog
c:\users\user\documents\github\dx11\game\intermediate\debug\engine.tlog\lib-link.write.1.tlog
c:\users\user\documents\github\dx11\game\intermediate\debug\engine.tlog\lib.command.1.tlog
